2022-07-22 22:58:57,599 [restartedMain] INFO  o.hibernate.jpa.internal.util.LogHelper            : HHH000204: Processing PersistenceUnitInfo [name: default] 
2022-07-22 22:58:57,654 [restartedMain] INFO  org.hibernate.Version                              : HHH000412: Hibernate ORM core version 5.6.5.Final 
2022-07-22 22:58:57,778 [restartedMain] INFO  org.hibernate.annotations.common.Version           : HCANN000001: Hibernate Commons Annotations {5.1.2.Final} 
2022-07-22 22:58:57,881 [restartedMain] INFO  com.zaxxer.hikari.HikariDataSource                 : HikariPool-1 - Starting... 
2022-07-22 22:58:58,008 [restartedMain] INFO  com.zaxxer.hikari.HikariDataSource                 : HikariPool-1 - Start completed. 
2022-07-22 22:58:58,019 [restartedMain] INFO  org.hibernate.dialect.Dialect                      : HHH000400: Using dialect: org.hibernate.dialect.MySQL8Dialect 
2022-07-22 22:58:58,458 [restartedMain] DEBUG org.hibernate.SQL                                  : 
    
    drop table if exists clientes 
2022-07-22 22:58:58,474 [restartedMain] DEBUG org.hibernate.SQL                                  : 
    
    create table clientes (
       id bigint not null auto_increment,
        apellido varchar(255) not null,
        create_at date,
        email varchar(255) not null,
        nombre varchar(12) not null,
        primary key (id)
    ) engine=InnoDB 
2022-07-22 22:58:58,494 [restartedMain] DEBUG org.hibernate.SQL                                  : 
    
    alter table clientes 
       add constraint UK_1c96wv36rk2hwui7qhjks3mvg unique (email) 
2022-07-22 22:58:58,504 [restartedMain] INFO  o.h.t.schema.internal.SchemaCreatorImpl            : HHH000476: Executing import script 'file:/M:/PROGRAMACION/DESARROLLO_JAVA_SPRING/INTELLIJ_IDEA/11.youtube_code_java/01.logback_rolling_file/spring-boot-logback/target/classes/import.sql' 
2022-07-22 22:58:58,504 [restartedMain] DEBUG org.hibernate.SQL                                  : 
    INSERT INTO clientes (nombre, apellido, email, create_at) VALUES('Andrés', 'Guzmán', 'profesor@bolsadeideas.com', '2018-01-01') 
2022-07-22 22:58:58,506 [restartedMain] DEBUG org.hibernate.SQL                                  : 
    INSERT INTO clientes (nombre, apellido, email, create_at) VALUES('Mr. John', 'Doe', 'john.doe@gmail.com', '2018-01-02') 
